<?xml version="1.0" encoding="UTF-8"?>	<!--*-mode: xml;-*-->
<!-- This Source Code Form is licensed MPL-2.0: http://mozilla.org/MPL/2.0 -->
<interfaces>

  <!-- list construction -->
  <Rapicorn::WidgetList declare="ListArea"/>
  <Table declare="ListAreaTable" />
  <Ambience declare="ListRow" child-container="ListRowCavity" hexpand="1"
	       normal-background="background" lighting="none" shade="none">
    <Frame hexpand="1" frame-type="none" tight-focus="true">
      <HBox id="ListRowCavity"/>
    </Frame>
  </Ambience>

  <Alignment declare="widget-list" >
    <Table>
      <Frame     hposition="0" vposition="2" frame-type="in" hexpand="1" vexpand="1">
	<ListArea/>
      </Frame>
      <Alignment hposition="1" vposition="1" width="1" height="1"/>
      <VSlider   hposition="2" vposition="2" vexpand="0" adjustment-source="ancestry-vertical" />
      <HSlider   hposition="0" vposition="0" hexpand="0" adjustment-source="ancestry-horizontal" />
    </Table>
  </Alignment>

  <!-- test dialog -->
  <Window declare="test-dialog" width="400" >
    <Ambience normal-lighting="upper-left"> <!-- normal-background="beige" -->
      <Alignment right-padding="5" top-padding="5" left-padding="5" bottom-padding="5">
	<VBox spacing="5" homogeneous="0" >
	  <widget-list hspread="1" vspread="1"/>
	  <Button hexpand="1" on-click="Window::close()" > <Label markup-text="Quit"/> </Button>
	</VBox>
      </Alignment>
    </Ambience>
  </Window>

</interfaces>
